2023-02-16 15:55:52,505:iNeuronReviewScrapper.py:(__init__):[17]:INFO:Inside Constructor and initializing required details
2023-02-16 15:55:55,265:iNeuronReviewScrapper.py:(getRootPage):[60]:INFO:Retreived ineuron page information
2023-02-16 15:55:55,281:iNeuronReviewScrapper.py:(create_courses_lists):[69]:INFO:Fetching list of all courses
2023-02-16 15:55:55,305:iNeuronReviewScrapper.py:(create_courses_lists):[83]:INFO:Course details fetched successfully
2023-02-16 15:55:55,305:iNeuronReviewScrapper.py:(__init__):[28]:INFO:Constructor execution completed
2023-02-16 15:55:55,305:iNeuronReviewScrapper.py:(scrap_one_courseInfo):[137]:INFO:-------Inside scrap one course method----------
2023-02-16 15:55:55,305:iNeuronReviewScrapper.py:(scrap_one_courseInfo):[138]:INFO:Fetching course ---> Power BI Projects
2023-02-16 15:55:55,813:iNeuronReviewScrapper.py:(scrap_one_courseInfo):[144]:INFO:invoking course details method
2023-02-16 15:55:55,814:iNeuronReviewScrapper.py:(course_details):[195]:INFO:-------Inside course details method----------
2023-02-16 15:55:55,814:iNeuronReviewScrapper.py:(course_details):[214]:INFO:Inside second except block in course_details method, refer error message below: 
 'NoneType' object is not subscriptable
2023-02-16 15:55:55,814:iNeuronReviewScrapper.py:(course_details):[241]:INFO:course Info retreived
2023-02-16 15:55:55,814:iNeuronReviewScrapper.py:(mongoconnect):[34]:INFO:Requesting connection to MONGODB
2023-02-16 15:55:55,889:iNeuronReviewScrapper.py:(scrap_one_courseInfo):[150]:INFO:Connected to mongo DB
2023-02-16 15:55:56,848:iNeuronReviewScrapper.py:(scrap_one_courseInfo):[157]:INFO:Course exists in MongoDB
2023-02-16 15:55:56,905:iNeuronReviewScrapper.py:(scrap_one_courseInfo):[159]:INFO:Disconnected from mongo DB
2023-02-16 15:55:56,905:iNeuronReviewScrapper.py:(sqlconnect):[43]:INFO:Requesting connection to MYSQL
2023-02-16 15:55:56,909:iNeuronReviewScrapper.py:(sqlconnect):[50]:INFO:<mysql.connector.connection.MySQLConnection object at 0x0000022D7922FDF0>
2023-02-16 15:55:56,909:iNeuronReviewScrapper.py:(scrap_one_courseInfo):[165]:INFO:Connected to MYSQL SERVER
2023-02-16 15:55:56,909:iNeuronReviewScrapper.py:(scrap_one_courseInfo):[179]:INFO:Course already exists inside database
2023-02-16 15:55:56,910:iNeuronReviewScrapper.py:(scrap_one_courseInfo):[181]:INFO:Disconnected from MYSQL SERVER
2023-02-16 15:55:56,910:iNeuronReviewScrapper.py:(scrap_one_courseInfo):[188]:INFO:returning course details to app.py file
2023-02-16 15:55:57,433:credentials.py:(load):[1311]:INFO:Found credentials in shared credentials file: ~/.aws/credentials
2023-02-16 15:55:58,022:_internal.py:(_log):[225]:INFO:127.0.0.1 - - [16/Feb/2023 15:55:58] "GET /course?coursename=Power%20BI%20Projects HTTP/1.1" 200 -
2023-02-16 15:55:58,547:_internal.py:(_log):[225]:INFO:127.0.0.1 - - [16/Feb/2023 15:55:58] "GET /static/css/style.css HTTP/1.1" 200 -
2023-02-16 15:55:58,547:_internal.py:(_log):[225]:INFO:127.0.0.1 - - [16/Feb/2023 15:55:58] "GET /static/js/base.js HTTP/1.1" 200 -
2023-02-16 15:55:58,615:_internal.py:(_log):[225]:INFO:127.0.0.1 - - [16/Feb/2023 15:55:58] "[33mGET /favicon.ico HTTP/1.1[0m" 404 -
2023-02-16 15:58:16,067:_internal.py:(_log):[225]:WARNING: * Running on all addresses.
   WARNING: This is a development server. Do not use it in a production deployment.
2023-02-16 15:58:16,075:_internal.py:(_log):[225]:INFO: * Running on http://192.168.0.189:5003/ (Press CTRL+C to quit)
2023-02-16 15:58:31,078:iNeuronReviewScrapper.py:(__init__):[17]:INFO:Inside Constructor and initializing required details
2023-02-16 15:58:34,287:iNeuronReviewScrapper.py:(getRootPage):[60]:INFO:Retreived ineuron page information
2023-02-16 15:58:34,312:iNeuronReviewScrapper.py:(create_courses_lists):[69]:INFO:Fetching list of all courses
2023-02-16 15:58:34,371:iNeuronReviewScrapper.py:(create_courses_lists):[83]:INFO:Course details fetched successfully
2023-02-16 15:58:34,371:iNeuronReviewScrapper.py:(__init__):[28]:INFO:Constructor execution completed
2023-02-16 15:58:34,371:iNeuronReviewScrapper.py:(scrap_one_courseInfo):[137]:INFO:-------Inside scrap one course method----------
2023-02-16 15:58:34,371:iNeuronReviewScrapper.py:(scrap_one_courseInfo):[138]:INFO:Fetching course ---> Power BI Projects
2023-02-16 15:58:34,867:iNeuronReviewScrapper.py:(scrap_one_courseInfo):[144]:INFO:invoking course details method
2023-02-16 15:58:34,868:iNeuronReviewScrapper.py:(course_details):[195]:INFO:-------Inside course details method----------
2023-02-16 15:58:34,868:iNeuronReviewScrapper.py:(course_details):[214]:INFO:Inside second except block in course_details method, refer error message below: 
 'NoneType' object is not subscriptable
2023-02-16 15:58:34,868:iNeuronReviewScrapper.py:(course_details):[241]:INFO:course Info retreived
2023-02-16 15:58:34,868:iNeuronReviewScrapper.py:(mongoconnect):[34]:INFO:Requesting connection to MONGODB
2023-02-16 15:58:35,063:iNeuronReviewScrapper.py:(scrap_one_courseInfo):[150]:INFO:Connected to mongo DB
2023-02-16 15:58:38,106:iNeuronReviewScrapper.py:(scrap_one_courseInfo):[157]:INFO:Course exists in MongoDB
2023-02-16 15:58:38,201:iNeuronReviewScrapper.py:(scrap_one_courseInfo):[159]:INFO:Disconnected from mongo DB
2023-02-16 15:58:38,201:iNeuronReviewScrapper.py:(sqlconnect):[43]:INFO:Requesting connection to MYSQL
2023-02-16 15:58:38,201:iNeuronReviewScrapper.py:(sqlconnect):[50]:INFO:<mysql.connector.connection.MySQLConnection object at 0x0000023683207640>
2023-02-16 15:58:38,201:iNeuronReviewScrapper.py:(scrap_one_courseInfo):[165]:INFO:Connected to MYSQL SERVER
2023-02-16 15:58:38,201:iNeuronReviewScrapper.py:(scrap_one_courseInfo):[179]:INFO:Course already exists inside database
2023-02-16 15:58:38,201:iNeuronReviewScrapper.py:(scrap_one_courseInfo):[181]:INFO:Disconnected from MYSQL SERVER
2023-02-16 15:58:38,201:iNeuronReviewScrapper.py:(scrap_one_courseInfo):[188]:INFO:returning course details to app.py file
2023-02-16 15:58:38,217:app.py:(fetchCourse):[68]:INFO:checking if PDFs folder exists or not..
2023-02-16 15:58:38,233:app.py:(fetchCourse):[73]:INFO:folder exists PDFs ...
2023-02-16 15:58:38,875:credentials.py:(load):[1311]:INFO:Found credentials in shared credentials file: ~/.aws/credentials
2023-02-16 15:58:39,913:_internal.py:(_log):[225]:INFO:127.0.0.1 - - [16/Feb/2023 15:58:39] "GET /course?coursename=Power%20BI%20Projects HTTP/1.1" 200 -
2023-02-16 15:58:40,733:_internal.py:(_log):[225]:INFO:127.0.0.1 - - [16/Feb/2023 15:58:40] "GET /static/css/style.css HTTP/1.1" 200 -
2023-02-16 15:58:40,733:_internal.py:(_log):[225]:INFO:127.0.0.1 - - [16/Feb/2023 15:58:40] "GET /static/js/base.js HTTP/1.1" 200 -
2023-02-16 15:58:40,799:_internal.py:(_log):[225]:INFO:127.0.0.1 - - [16/Feb/2023 15:58:40] "[33mGET /favicon.ico HTTP/1.1[0m" 404 -
